<?xml version="1.0" encoding="UTF-8"?>
<!-- Generated by org.testng.reporters.JUnitReportReporter -->
<testsuite hostname="DESKTOP-OECPI9S" failures="0" tests="1" name="datadriven.ReadDatafromExcel" time="0.604" errors="0" timestamp="2024-08-30T13:14:07 IST" skipped="0">
  <testcase classname="datadriven.ReadDatafromExcel" name="read" time="0.604"/>
  <system-out/>
</testsuite> <!-- datadriven.ReadDatafromExcel -->
