<?xml version="1.0" encoding="UTF-8"?>
<!-- Generated by org.testng.reporters.JUnitReportReporter -->
<testsuite hostname="DESKTOP-OECPI9S" failures="0" tests="1" name="datadriven.testdata" time="8.914" errors="0" timestamp="2024-08-30T12:51:37 IST" skipped="0">
  <testcase classname="datadriven.testdata" name="read" time="8.914"/>
  <system-out>
https://demowebshop.tricentis.com/ nitishnayan26@gmail.com abcd@1234  </system-out>
</testsuite> <!-- datadriven.testdata -->
