<?xml version="1.0" encoding="UTF-8"?>
<!-- Generated by org.testng.reporters.JUnitReportReporter -->
<testsuite hostname="DESKTOP-OECPI9S" failures="0" tests="1" name="Selenium_Practice.FlipkartScreenShot" time="87.599" errors="0" timestamp="2024-08-30T10:46:06 IST" skipped="0">
  <testcase classname="Selenium_Practice.FlipkartScreenShot" name="Scrrenshot" time="87.599"/>
  <system-out/>
</testsuite> <!-- Selenium_Practice.FlipkartScreenShot -->
