<?xml version="1.0" encoding="UTF-8"?>
<!-- Generated by org.testng.reporters.JUnitReportReporter -->
<testsuite hostname="DESKTOP-OECPI9S" failures="0" tests="1" name="Selenium_Practice.SceenShotflipkartElement" time="11.401" errors="0" timestamp="2024-08-30T11:44:33 IST" skipped="0">
  <testcase classname="Selenium_Practice.SceenShotflipkartElement" name="TakeSccenChot" time="11.401"/>
  <system-out/>
</testsuite> <!-- Selenium_Practice.SceenShotflipkartElement -->
