<?xml version="1.0" encoding="UTF-8"?>
<!-- Generated by org.testng.reporters.JUnitReportReporter -->
<testsuite hostname="DESKTOP-OECPI9S" failures="0" tests="1" name="car.TestScript" time="9.645" errors="0" timestamp="2024-08-30T22:06:04 IST" skipped="0">
  <testcase classname="car.TestScript" name="test" time="9.645"/>
  <system-out>
Login Successfull  </system-out>
</testsuite> <!-- car.TestScript -->
